[    1323ms] [WARNING] Image with src "http://localhost:3000/microai-logo-dark.svg" has either width or height modified, but not the other. If you use CSS to change the size of your image, also include the styles 'width: "auto"' or 'height: "auto"' to maintain the aspect ratio. @ webpack-internal:///(app-pages-browser)/./node_modules/.pnpm/next@15.5.4_react-dom@19.2.0_react@19.2.0__react@19.2.0/node_modules/next/dist/shared/lib/utils/warn-once.js:15
[  151308ms] ReferenceError: GROUP_COLORS is not defined
    at eval (webpack-internal:///(app-pages-browser)/./src/app/dashboard/page.tsx:3424:63)
    at Array.map (<anonymous>)
    at ChatSidebar (webpack-internal:///(app-pages-browser)/./src/app/dashboard/page.tsx:3423:56)
    at Object.react_stack_bottom_frame (webpack-internal:///(app-pages-browser)/./node_modules/.pnpm/next@15.5.4_react-dom@19.2.0_react@19.2.0__react@19.2.0/node_modules/next/dist/compiled/react-dom/cjs/react-dom-client.development.js:23584:20)
    at renderWithHooks (webpack-internal:///(app-pages-browser)/./node_modules/.pnpm/next@15.5.4_react-dom@19.2.0_react@19.2.0__react@19.2.0/node_modules/next/dist/compiled/react-dom/cjs/react-dom-client.development.js:6793:22)
    at updateForwardRef (webpack-internal:///(app-pages-browser)/./node_modules/.pnpm/next@15.5.4_react-dom@19.2.0_react@19.2.0__react@19.2.0/node_modules/next/dist/compiled/react-dom/cjs/react-dom-client.development.js:8807:19)
    at beginWork (webpack-internal:///(app-pages-browser)/./node_modules/.pnpm/next@15.5.4_react-dom@19.2.0_react@19.2.0__react@19.2.0/node_modules/next/dist/compiled/react-dom/cjs/react-dom-client.development.js:11197:18)
    at runWithFiberInDEV (webpack-internal:///(app-pages-browser)/./node_modules/.pnpm/next@15.5.4_react-dom@19.2.0_react@19.2.0__react@19.2.0/node_modules/next/dist/compiled/react-dom/cjs/react-dom-client.development.js:872:30)
    at performUnitOfWork (webpack-internal:///(app-pages-browser)/./node_modules/.pnpm/next@15.5.4_react-dom@19.2.0_react@19.2.0__react@19.2.0/node_modules/next/dist/compiled/react-dom/cjs/react-dom-client.development.js:15727:22)
    at workLoopSync (webpack-internal:///(app-pages-browser)/./node_modules/.pnpm/next@15.5.4_react-dom@19.2.0_react@19.2.0__react@19.2.0/node_modules/next/dist/compiled/react-dom/cjs/react-dom-client.development.js:15547:41)
    at renderRootSync (webpack-internal:///(app-pages-browser)/./node_modules/.pnpm/next@15.5.4_react-dom@19.2.0_react@19.2.0__react@19.2.0/node_modules/next/dist/compiled/react-dom/cjs/react-dom-client.development.js:15527:11)
    at performWorkOnRoot (webpack-internal:///(app-pages-browser)/./node_modules/.pnpm/next@15.5.4_react-dom@19.2.0_react@19.2.0__react@19.2.0/node_modules/next/dist/compiled/react-dom/cjs/react-dom-client.development.js:14991:13)
    at performSyncWorkOnRoot (webpack-internal:///(app-pages-browser)/./node_modules/.pnpm/next@15.5.4_react-dom@19.2.0_react@19.2.0__react@19.2.0/node_modules/next/dist/compiled/react-dom/cjs/react-dom-client.development.js:16831:7)
    at flushSyncWorkAcrossRoots_impl (webpack-internal:///(app-pages-browser)/./node_modules/.pnpm/next@15.5.4_react-dom@19.2.0_react@19.2.0__react@19.2.0/node_modules/next/dist/compiled/react-dom/cjs/react-dom-client.development.js:16677:21)
    at flushSyncWork$1 (webpack-internal:///(app-pages-browser)/./node_modules/.pnpm/next@15.5.4_react-dom@19.2.0_react@19.2.0__react@19.2.0/node_modules/next/dist/compiled/react-dom/cjs/react-dom-client.development.js:15297:12)
    at Object.scheduleRefresh (webpack-internal:///(app-pages-browser)/./node_modules/.pnpm/next@15.5.4_react-dom@19.2.0_react@19.2.0__react@19.2.0/node_modules/next/dist/compiled/react-dom/cjs/react-dom-client.development.js:114:9)
    at eval (webpack-internal:///(app-pages-browser)/./node_modules/.pnpm/next@15.5.4_react-dom@19.2.0_react@19.2.0__react@19.2.0/node_modules/next/dist/compiled/react-refresh/cjs/react-refresh-runtime.development.js:265:17)
    at Set.forEach (<anonymous>)
    at Object.performReactRefresh (webpack-internal:///(app-pages-browser)/./node_modules/.pnpm/next@15.5.4_react-dom@19.2.0_react@19.2.0__react@19.2.0/node_modules/next/dist/compiled/react-refresh/cjs/react-refresh-runtime.development.js:254:26)
    at applyUpdate (webpack-internal:///(app-pages-browser)/./node_modules/.pnpm/next@15.5.4_react-dom@19.2.0_react@19.2.0__react@19.2.0/node_modules/next/dist/compiled/@next/react-refresh-utils/dist/internal/helpers.js:139:31)
    at statusHandler (webpack-internal:///(app-pages-browser)/./node_modules/.pnpm/next@15.5.4_react-dom@19.2.0_react@19.2.0__react@19.2.0/node_modules/next/dist/compiled/@next/react-refresh-utils/dist/internal/helpers.js:156:13)
    at setStatus (http://localhost:3000/_next/static/chunks/webpack.js?v=1771369485099:486:55)
    at http://localhost:3000/_next/static/chunks/webpack.js?v=1771369485099:655:21
[  151308ms] [WARNING] [Fast Refresh] performing full reload because your application had an unrecoverable error @ webpack-internal:///(app-pages-browser)/./node_modules/.pnpm/next@15.5.4_react-dom@19.2.0_react@19.2.0__react@19.2.0/node_modules/next/dist/client/dev/hot-reloader/app/hot-reloader-app.js:113
[  152924ms] [WARNING] Image with src "http://localhost:3000/microai-logo-dark.svg" has either width or height modified, but not the other. If you use CSS to change the size of your image, also include the styles 'width: "auto"' or 'height: "auto"' to maintain the aspect ratio. @ webpack-internal:///(app-pages-browser)/./node_modules/.pnpm/next@15.5.4_react-dom@19.2.0_react@19.2.0__react@19.2.0/node_modules/next/dist/shared/lib/utils/warn-once.js:15
